<?xml version="1.0" encoding="UTF-8"?>
<testng-results skipped="0" failed="0" ignored="0" total="1" passed="1">
  <reporter-output>
  </reporter-output>
  <suite name="Default suite" duration-ms="8290" started-at="2023-09-21T21:18:16 IST" finished-at="2023-09-21T21:18:24 IST">
    <groups>
    </groups>
    <test name="Default test" duration-ms="8290" started-at="2023-09-21T21:18:16 IST" finished-at="2023-09-21T21:18:24 IST">
      <class name="RunnerPackage.TEst">
        <test-method status="PASS" signature="tst()[pri:0, instance:RunnerPackage.TEst@17baae6e]" name="tst" duration-ms="8177" started-at="2023-09-21T21:18:16 IST" finished-at="2023-09-21T21:18:24 IST">
          <reporter-output>
          </reporter-output>
        </test-method> <!-- tst -->
      </class> <!-- RunnerPackage.TEst -->
    </test> <!-- Default test -->
  </suite> <!-- Default suite -->
</testng-results>
